<?xml version="1.0" encoding="UTF-8"?>
<testsuite name="com.bfwg.security.TokenHelperTest" time="0.003" tests="10" errors="10" skipped="0" failures="0">
  <properties>
    <property name="java.runtime.name" value="Java(TM) SE Runtime Environment"/>
    <property name="java.vm.version" value="9.0.4+11"/>
    <property name="sun.boot.library.path" value="C:\Program Files\Java\jdk-9.0.4\bin"/>
    <property name="maven.multiModuleProjectDirectory" value="C:/Users/arnel.m.capendit/Desktop/springboot-jwt-starter"/>
    <property name="java.vm.vendor" value="Oracle Corporation"/>
    <property name="java.vendor.url" value="http://java.oracle.com/"/>
    <property name="guice.disable.misplaced.annotation.check" value="true"/>
    <property name="path.separator" value=";"/>
    <property name="java.vm.name" value="Java HotSpot(TM) 64-Bit Server VM"/>
    <property name="file.encoding.pkg" value="sun.io"/>
    <property name="sun.os.patch.level" value=""/>
    <property name="user.script" value=""/>
    <property name="user.country" value="US"/>
    <property name="sun.java.launcher" value="SUN_STANDARD"/>
    <property name="java.vm.specification.name" value="Java Virtual Machine Specification"/>
    <property name="user.dir" value="C:\Users\arnel.m.capendit\Desktop\springboot-jwt-starter"/>
    <property name="java.vm.compressedOopsMode" value="32-bit"/>
    <property name="java.runtime.version" value="9.0.4+11"/>
    <property name="java.awt.graphicsenv" value="sun.awt.Win32GraphicsEnvironment"/>
    <property name="os.arch" value="amd64"/>
    <property name="java.io.tmpdir" value="C:\Users\ARNELM~1.CAP\AppData\Local\Temp\"/>
    <property name="line.separator" value="&#10;"/>
    <property name="java.vm.specification.vendor" value="Oracle Corporation"/>
    <property name="user.variant" value=""/>
    <property name="os.name" value="Windows 10"/>
    <property name="classworlds.conf" value="C:/maven/bin/m2.conf"/>
    <property name="sun.jnu.encoding" value="Cp1252"/>
    <property name="java.library.path" value="C:\Program Files\Java\jdk-9.0.4\bin;C:\WINDOWS\Sun\Java\bin;C:\WINDOWS\system32;C:\WINDOWS;C:\Users\arnel.m.capendit\bin;C:\Program Files\Git\mingw64\bin;C:\Program Files\Git\usr\local\bin;C:\Program Files\Git\usr\bin;C:\Program Files\Git\usr\bin;C:\Program Files\Git\mingw64\bin;C:\Program Files\Git\usr\bin;C:\Users\arnel.m.capendit\bin;C:\ProgramData\Oracle\Java\javapath;C:\Program Files\Broadcom\Broadcom 802.11 Network Adapter;C:\WINDOWS\system32;C:\WINDOWS;C:\WINDOWS\System32\Wbem;C:\WINDOWS\System32\WindowsPowerShell\v1.0;C:\Program Files (x86)\Symantec\VIP Access Client;C:\Program Files\Microsoft\Web Platform Installer;C:\Program Files\Java\jdk-9.0.4\bin;C:\Program Files\Git\cmd;C:\Program Files\Microsoft SQL Server\Client SDK\ODBC\130\Tools\Binn;C:\Program Files (x86)\Microsoft SQL Server\130\Tools\Binn;C:\Program Files\Microsoft SQL Server\130\Tools\Binn;C:\Program Files\Microsoft SQL Server\130\DTS\Binn;C:\Program Files\nodejs;C:\Program Files\PuTTY;C:\maven\bin;C:\Program Files\Java\jdk-9.0.4\bin;C:\Program Files\Java\jre-9.0.4\bin;C:\Program Files\Microsoft SQL Server\120\Tools\Binn;C:\Users\arnel.m.capendit\AppData\Roaming\npm;C:\Users\arnel.m.capendit\AppData\Local\Microsoft\WindowsApps;C:\maven\bin;C:\Program Files\Microsoft VS Code\bin;C:\Program Files\Git\usr\bin\vendor_perl;C:\Program Files\Git\usr\bin\core_perl;."/>
    <property name="maven.conf" value="C:/maven/conf"/>
    <property name="jdk.debug" value="release"/>
    <property name="java.class.version" value="53.0"/>
    <property name="java.specification.name" value="Java Platform API Specification"/>
    <property name="sun.management.compiler" value="HotSpot 64-Bit Tiered Compilers"/>
    <property name="os.version" value="10.0"/>
    <property name="library.jansi.path" value="C:\maven\lib\jansi-native\windows64"/>
    <property name="user.home" value="C:\Users\arnel.m.capendit"/>
    <property name="user.timezone" value="Asia/Shanghai"/>
    <property name="java.awt.printerjob" value="sun.awt.windows.WPrinterJob"/>
    <property name="file.encoding" value="Cp1252"/>
    <property name="java.specification.version" value="9"/>
    <property name="user.name" value="arnel.m.capendit"/>
    <property name="java.class.path" value="C:/maven/boot/plexus-classworlds-2.5.2.jar"/>
    <property name="java.vm.specification.version" value="9"/>
    <property name="sun.arch.data.model" value="64"/>
    <property name="sun.java.command" value="org.codehaus.plexus.classworlds.launcher.Launcher install"/>
    <property name="java.home" value="C:\Program Files\Java\jdk-9.0.4"/>
    <property name="user.language" value="en"/>
    <property name="java.specification.vendor" value="Oracle Corporation"/>
    <property name="awt.toolkit" value="sun.awt.windows.WToolkit"/>
    <property name="java.vm.info" value="mixed mode"/>
    <property name="java.version" value="9.0.4"/>
    <property name="java.vendor" value="Oracle Corporation"/>
    <property name="sun.stderr.encoding" value="cp437"/>
    <property name="maven.home" value="C:\maven"/>
    <property name="file.separator" value="\"/>
    <property name="java.vendor.url.bug" value="http://bugreport.java.com/bugreport/"/>
    <property name="sun.io.unicode.encoding" value="UnicodeLittle"/>
    <property name="sun.cpu.endian" value="little"/>
    <property name="sun.stdout.encoding" value="cp437"/>
    <property name="sun.desktop" value="windows"/>
    <property name="sun.cpu.isalist" value="amd64"/>
  </properties>
  <testcase name="expiredTokenCannotBeRefreshed" classname="com.bfwg.security.TokenHelperTest" time="0">
    <error message="javax/xml/bind/DatatypeConverter" type="java.lang.NoClassDefFoundError">java.lang.NoClassDefFoundError: javax/xml/bind/DatatypeConverter
	at java.base/jdk.internal.loader.BuiltinClassLoader.loadClass(BuiltinClassLoader.java:582)
	at java.base/jdk.internal.loader.ClassLoaders$AppClassLoader.loadClass(ClassLoaders.java:185)
	at java.base/java.lang.ClassLoader.loadClass(ClassLoader.java:496)
	at io.jsonwebtoken.impl.Base64Codec.decode(Base64Codec.java:26)
	at io.jsonwebtoken.impl.DefaultJwtBuilder.signWith(DefaultJwtBuilder.java:106)
	at com.bfwg.security.TokenHelper.generateToken(TokenHelper.java:108)
	at com.bfwg.security.TokenHelperTest.createToken(TokenHelperTest.java:158)
	at com.bfwg.security.TokenHelperTest.expiredTokenCannotBeRefreshed(TokenHelperTest.java:113)
</error>
  </testcase>
  <testcase name="getAudienceFromToken" classname="com.bfwg.security.TokenHelperTest" time="0">
    <error message="javax/xml/bind/DatatypeConverter" type="java.lang.NoClassDefFoundError">java.lang.NoClassDefFoundError: javax/xml/bind/DatatypeConverter
	at io.jsonwebtoken.impl.Base64Codec.decode(Base64Codec.java:26)
	at io.jsonwebtoken.impl.DefaultJwtBuilder.signWith(DefaultJwtBuilder.java:106)
	at com.bfwg.security.TokenHelper.generateToken(TokenHelper.java:108)
	at com.bfwg.security.TokenHelperTest.createToken(TokenHelperTest.java:158)
	at com.bfwg.security.TokenHelperTest.getAudienceFromToken(TokenHelperTest.java:121)
</error>
  </testcase>
  <testcase name="canRefreshToken" classname="com.bfwg.security.TokenHelperTest" time="0">
    <error message="javax/xml/bind/DatatypeConverter" type="java.lang.NoClassDefFoundError">java.lang.NoClassDefFoundError: javax/xml/bind/DatatypeConverter
	at io.jsonwebtoken.impl.Base64Codec.decode(Base64Codec.java:26)
	at io.jsonwebtoken.impl.DefaultJwtBuilder.signWith(DefaultJwtBuilder.java:106)
	at com.bfwg.security.TokenHelper.generateToken(TokenHelper.java:108)
	at com.bfwg.security.TokenHelperTest.createToken(TokenHelperTest.java:158)
	at com.bfwg.security.TokenHelperTest.canRefreshToken(TokenHelperTest.java:150)
</error>
  </testcase>
  <testcase name="changedPasswordCannotBeRefreshed" classname="com.bfwg.security.TokenHelperTest" time="0">
    <error message="javax/xml/bind/DatatypeConverter" type="java.lang.NoClassDefFoundError">java.lang.NoClassDefFoundError: javax/xml/bind/DatatypeConverter
	at io.jsonwebtoken.impl.Base64Codec.decode(Base64Codec.java:26)
	at io.jsonwebtoken.impl.DefaultJwtBuilder.signWith(DefaultJwtBuilder.java:106)
	at com.bfwg.security.TokenHelper.generateToken(TokenHelper.java:108)
	at com.bfwg.security.TokenHelperTest.createToken(TokenHelperTest.java:158)
	at com.bfwg.security.TokenHelperTest.changedPasswordCannotBeRefreshed(TokenHelperTest.java:141)
</error>
  </testcase>
  <testcase name="mobileTokenShouldLiveLonger" classname="com.bfwg.security.TokenHelperTest" time="0">
    <error message="javax/xml/bind/DatatypeConverter" type="java.lang.NoClassDefFoundError">java.lang.NoClassDefFoundError: javax/xml/bind/DatatypeConverter
	at io.jsonwebtoken.impl.Base64Codec.decode(Base64Codec.java:26)
	at io.jsonwebtoken.impl.DefaultJwtBuilder.signWith(DefaultJwtBuilder.java:106)
	at com.bfwg.security.TokenHelper.generateToken(TokenHelper.java:108)
	at com.bfwg.security.TokenHelperTest.createToken(TokenHelperTest.java:158)
	at com.bfwg.security.TokenHelperTest.mobileTokenShouldLiveLonger(TokenHelperTest.java:70)
</error>
  </testcase>
  <testcase name="getAudienceFromMobileToken" classname="com.bfwg.security.TokenHelperTest" time="0.001">
    <error message="javax/xml/bind/DatatypeConverter" type="java.lang.NoClassDefFoundError">java.lang.NoClassDefFoundError: javax/xml/bind/DatatypeConverter
	at io.jsonwebtoken.impl.Base64Codec.decode(Base64Codec.java:26)
	at io.jsonwebtoken.impl.DefaultJwtBuilder.signWith(DefaultJwtBuilder.java:106)
	at com.bfwg.security.TokenHelper.generateToken(TokenHelper.java:108)
	at com.bfwg.security.TokenHelperTest.createToken(TokenHelperTest.java:158)
	at com.bfwg.security.TokenHelperTest.getAudienceFromMobileToken(TokenHelperTest.java:130)
</error>
  </testcase>
  <testcase name="mobileTokenShouldExpire" classname="com.bfwg.security.TokenHelperTest" time="0">
    <error message="javax/xml/bind/DatatypeConverter" type="java.lang.NoClassDefFoundError">java.lang.NoClassDefFoundError: javax/xml/bind/DatatypeConverter
	at io.jsonwebtoken.impl.Base64Codec.decode(Base64Codec.java:26)
	at io.jsonwebtoken.impl.DefaultJwtBuilder.signWith(DefaultJwtBuilder.java:106)
	at com.bfwg.security.TokenHelper.generateToken(TokenHelper.java:108)
	at com.bfwg.security.TokenHelperTest.createToken(TokenHelperTest.java:158)
	at com.bfwg.security.TokenHelperTest.mobileTokenShouldExpire(TokenHelperTest.java:85)
</error>
  </testcase>
  <testcase name="getUsernameFromToken" classname="com.bfwg.security.TokenHelperTest" time="0">
    <error message="javax/xml/bind/DatatypeConverter" type="java.lang.NoClassDefFoundError">java.lang.NoClassDefFoundError: javax/xml/bind/DatatypeConverter
	at io.jsonwebtoken.impl.Base64Codec.decode(Base64Codec.java:26)
	at io.jsonwebtoken.impl.DefaultJwtBuilder.signWith(DefaultJwtBuilder.java:106)
	at com.bfwg.security.TokenHelper.generateToken(TokenHelper.java:108)
	at com.bfwg.security.TokenHelperTest.createToken(TokenHelperTest.java:158)
	at com.bfwg.security.TokenHelperTest.getUsernameFromToken(TokenHelperTest.java:93)
</error>
  </testcase>
  <testcase name="testGenerateTokenGeneratesDifferentTokensForDifferentCreationDates" classname="com.bfwg.security.TokenHelperTest" time="0">
    <error message="javax/xml/bind/DatatypeConverter" type="java.lang.NoClassDefFoundError">java.lang.NoClassDefFoundError: javax/xml/bind/DatatypeConverter
	at io.jsonwebtoken.impl.Base64Codec.decode(Base64Codec.java:26)
	at io.jsonwebtoken.impl.DefaultJwtBuilder.signWith(DefaultJwtBuilder.java:106)
	at com.bfwg.security.TokenHelper.generateToken(TokenHelper.java:108)
	at com.bfwg.security.TokenHelperTest.createToken(TokenHelperTest.java:158)
	at com.bfwg.security.TokenHelperTest.testGenerateTokenGeneratesDifferentTokensForDifferentCreationDates(TokenHelperTest.java:54)
</error>
  </testcase>
  <testcase name="getCreatedDateFromToken" classname="com.bfwg.security.TokenHelperTest" time="0.002">
    <error message="javax/xml/bind/DatatypeConverter" type="java.lang.NoClassDefFoundError">java.lang.NoClassDefFoundError: javax/xml/bind/DatatypeConverter
	at io.jsonwebtoken.impl.Base64Codec.decode(Base64Codec.java:26)
	at io.jsonwebtoken.impl.DefaultJwtBuilder.signWith(DefaultJwtBuilder.java:106)
	at com.bfwg.security.TokenHelper.generateToken(TokenHelper.java:108)
	at com.bfwg.security.TokenHelperTest.createToken(TokenHelperTest.java:158)
	at com.bfwg.security.TokenHelperTest.getCreatedDateFromToken(TokenHelperTest.java:103)
</error>
  </testcase>
</testsuite>